<?xml version="1.0" encoding="UTF-8"?>
<TestRun id="175d8a88-0118-4a28-aba4-865933ebba4a" name="Dorry@DORRY-PC 2013-09-26 00:08:23" runUser="Dorry-PC\Dorry" xmlns="http://microsoft.com/schemas/VisualStudio/TeamTest/2010">
  <TestSettings name="Local" id="19c77609-d6a7-4c1d-b468-72eb81cbdb6a">
    <Description>These are default test settings for a local test run.</Description>
    <Deployment enabled="false" runDeploymentRoot="Dorry_DORRY-PC 2013-09-26 00_08_23">
      <DeploymentItem filename="D:\School\Projects\LePic\LePic\bin\Debug\LePic.dll" />
    </Deployment>
    <Execution>
      <TestTypeSpecific />
      <AgentRule name="Execution Agents">
      </AgentRule>
    </Execution>
  </TestSettings>
  <Times creation="2013-09-26T00:08:23.6599682+03:00" queuing="2013-09-26T00:08:23.8619797+03:00" start="2013-09-26T00:08:23.9139827+03:00" finish="2013-09-26T00:08:29.1862843+03:00" />
  <ResultSummary outcome="Failed">
    <Counters total="1" executed="1" error="0" failed="1" timeout="0" aborted="0" inconclusive="0" passedButRunAborted="0" notRunnable="0" notExecuted="0" disconnected="0" warning="0" passed="0" completed="0" inProgress="0" pending="0" />
  </ResultSummary>
  <TestDefinitions>
    <UnitTest name="CanFetchByID" storage="d:\school\projects\lepic\lepicunittest\bin\debug\lepicunittest.dll" id="551a1638-a9d2-febe-4264-bbc59d11c757">
      <Execution id="a9c46161-ec83-4405-9460-336b7bfb9ea0" />
      <TestMethod codeBase="D:/School/Projects/LePic/LepicUnitTest/bin/Debug/LepicUnitTest.DLL" adapterTypeName="Microsoft.VisualStudio.TestTools.TestTypes.Unit.UnitTestAdapter, Microsoft.VisualStudio.QualityTools.Tips.UnitTest.Adapter, Version=10.0.0.0, Culture=neutral, PublicKeyToken=b03f5f7f11d50a3a" className="LepicUnitTest.StudentDALTest, LepicUnitTest, Version=1.0.0.0, Culture=neutral, PublicKeyToken=null" name="CanFetchByID" />
    </UnitTest>
  </TestDefinitions>
  <TestLists>
    <TestList name="Results Not in a List" id="8c84fa94-04c1-424b-9868-57a2d4851a1d" />
    <TestList name="All Loaded Results" id="19431567-8539-422a-85d7-44ee4e166bda" />
  </TestLists>
  <TestEntries>
    <TestEntry testId="551a1638-a9d2-febe-4264-bbc59d11c757" executionId="a9c46161-ec83-4405-9460-336b7bfb9ea0" testListId="8c84fa94-04c1-424b-9868-57a2d4851a1d" />
  </TestEntries>
  <Results>
    <UnitTestResult executionId="a9c46161-ec83-4405-9460-336b7bfb9ea0" testId="551a1638-a9d2-febe-4264-bbc59d11c757" testName="CanFetchByID" computerName="DORRY-PC" duration="00:00:04.7807260" startTime="2013-09-26T00:08:23.9609854+03:00" endTime="2013-09-26T00:08:29.0952791+03:00" testType="13cdc9d9-ddb5-4fa4-a97d-d965ccfc6d4b" outcome="Failed" testListId="8c84fa94-04c1-424b-9868-57a2d4851a1d" relativeResultsDirectory="a9c46161-ec83-4405-9460-336b7bfb9ea0">
      <Output>
        <ErrorInfo>
          <Message>Assert.AreEqual failed. Expected:&lt;Jane&gt;. Actual:&lt;(null)&gt;. </Message>
          <StackTrace>   at LepicUnitTest.StudentDALTest.CanFetchByID() in D:\School\Projects\LePic\LepicUnitTest\StudentDALTest.vb:line 48
</StackTrace>
        </ErrorInfo>
      </Output>
    </UnitTestResult>
  </Results>
</TestRun>