<?xml version="1.0" encoding="UTF-8"?>
<TestRun id="659e00cd-89cb-4818-bfce-9e4234d5a239" name="Dorry@DORRY-PC 2013-09-27 18:18:12" runUser="Dorry-PC\Dorry" xmlns="http://microsoft.com/schemas/VisualStudio/TeamTest/2010">
  <TestSettings name="Local" id="19c77609-d6a7-4c1d-b468-72eb81cbdb6a">
    <Description>These are default test settings for a local test run.</Description>
    <Deployment enabled="false" runDeploymentRoot="Dorry_DORRY-PC 2013-09-27 18_18_12">
      <DeploymentItem filename="D:\School\Projects\LePic\LePic\bin\Debug\LePic.dll" />
    </Deployment>
    <Execution>
      <TestTypeSpecific />
      <AgentRule name="Execution Agents">
      </AgentRule>
    </Execution>
  </TestSettings>
  <Times creation="2013-09-27T18:18:12.1189800+03:00" queuing="2013-09-27T18:18:40.9416285+03:00" start="2013-09-27T18:18:41.9726875+03:00" finish="2013-09-27T18:27:20.5313474+03:00" />
  <ResultSummary outcome="Error">
    <Counters total="3" executed="3" passed="2" error="0" failed="0" timeout="0" aborted="1" inconclusive="0" passedButRunAborted="0" notRunnable="0" notExecuted="0" disconnected="0" warning="0" completed="0" inProgress="0" pending="0" />
    <RunInfos>
      <RunInfo computerName="DORRY-PC" outcome="Error" timestamp="2013-09-27T18:27:20.5013457+03:00">
        <Text>Test host process exited unexpectedly.</Text>
      </RunInfo>
    </RunInfos>
  </ResultSummary>
  <TestDefinitions>
    <UnitTest name="GetSetBookCode" storage="d:\school\projects\lepic\lepicunittest\bin\debug\lepicunittest.dll" id="550e1c5b-b84d-4245-88c7-5a7908f790e8">
      <Execution id="80f8d7a9-b73c-4660-b285-6a1c1f1cbc97" />
      <TestMethod codeBase="D:/School/Projects/LePic/LepicUnitTest/bin/Debug/LepicUnitTest.DLL" adapterTypeName="Microsoft.VisualStudio.TestTools.TestTypes.Unit.UnitTestAdapter, Microsoft.VisualStudio.QualityTools.Tips.UnitTest.Adapter, Version=10.0.0.0, Culture=neutral, PublicKeyToken=b03f5f7f11d50a3a" className="LepicUnitTest.BookTest, LepicUnitTest, Version=1.0.0.0, Culture=neutral, PublicKeyToken=null" name="GetSetBookCode" />
    </UnitTest>
    <UnitTest name="CanFetchByID" storage="d:\school\projects\lepic\lepicunittest\bin\debug\lepicunittest.dll" id="551a1638-a9d2-febe-4264-bbc59d11c757">
      <Execution id="f07e0bd7-5bab-453b-9a89-ab632b537297" />
      <TestMethod codeBase="D:/School/Projects/LePic/LepicUnitTest/bin/Debug/LepicUnitTest.DLL" adapterTypeName="Microsoft.VisualStudio.TestTools.TestTypes.Unit.UnitTestAdapter, Microsoft.VisualStudio.QualityTools.Tips.UnitTest.Adapter, Version=10.0.0.0, Culture=neutral, PublicKeyToken=b03f5f7f11d50a3a" className="LepicUnitTest.StudentDALTest, LepicUnitTest, Version=1.0.0.0, Culture=neutral, PublicKeyToken=null" name="CanFetchByID" />
    </UnitTest>
    <UnitTest name="GetSetBookName" storage="d:\school\projects\lepic\lepicunittest\bin\debug\lepicunittest.dll" id="4f499edc-a4f4-6f0d-1e86-71f7c600d3a2">
      <Execution id="de7449f7-f3c0-45b6-940b-3b59ef82a1d8" />
      <TestMethod codeBase="D:/School/Projects/LePic/LepicUnitTest/bin/Debug/LepicUnitTest.DLL" adapterTypeName="Microsoft.VisualStudio.TestTools.TestTypes.Unit.UnitTestAdapter, Microsoft.VisualStudio.QualityTools.Tips.UnitTest.Adapter, Version=10.0.0.0, Culture=neutral, PublicKeyToken=b03f5f7f11d50a3a" className="LepicUnitTest.BookTest, LepicUnitTest, Version=1.0.0.0, Culture=neutral, PublicKeyToken=null" name="GetSetBookName" />
    </UnitTest>
  </TestDefinitions>
  <TestLists>
    <TestList name="Results Not in a List" id="8c84fa94-04c1-424b-9868-57a2d4851a1d" />
    <TestList name="All Loaded Results" id="19431567-8539-422a-85d7-44ee4e166bda" />
  </TestLists>
  <TestEntries>
    <TestEntry testId="550e1c5b-b84d-4245-88c7-5a7908f790e8" executionId="80f8d7a9-b73c-4660-b285-6a1c1f1cbc97" testListId="8c84fa94-04c1-424b-9868-57a2d4851a1d" />
    <TestEntry testId="4f499edc-a4f4-6f0d-1e86-71f7c600d3a2" executionId="de7449f7-f3c0-45b6-940b-3b59ef82a1d8" testListId="8c84fa94-04c1-424b-9868-57a2d4851a1d" />
    <TestEntry testId="551a1638-a9d2-febe-4264-bbc59d11c757" executionId="f07e0bd7-5bab-453b-9a89-ab632b537297" testListId="8c84fa94-04c1-424b-9868-57a2d4851a1d" />
  </TestEntries>
  <Results>
    <UnitTestResult executionId="80f8d7a9-b73c-4660-b285-6a1c1f1cbc97" testId="550e1c5b-b84d-4245-88c7-5a7908f790e8" testName="GetSetBookCode" computerName="DORRY-PC" duration="00:00:00.0990921" startTime="2013-09-27T18:18:42.4567152+03:00" endTime="2013-09-27T18:19:53.5787832+03:00" testType="13cdc9d9-ddb5-4fa4-a97d-d965ccfc6d4b" outcome="Passed" testListId="8c84fa94-04c1-424b-9868-57a2d4851a1d" relativeResultsDirectory="80f8d7a9-b73c-4660-b285-6a1c1f1cbc97">
    </UnitTestResult>
    <UnitTestResult executionId="de7449f7-f3c0-45b6-940b-3b59ef82a1d8" testId="4f499edc-a4f4-6f0d-1e86-71f7c600d3a2" testName="GetSetBookName" computerName="DORRY-PC" duration="00:00:00.0011654" startTime="2013-09-27T18:19:53.6287860+03:00" endTime="2013-09-27T18:19:53.7917953+03:00" testType="13cdc9d9-ddb5-4fa4-a97d-d965ccfc6d4b" outcome="Passed" testListId="8c84fa94-04c1-424b-9868-57a2d4851a1d" relativeResultsDirectory="de7449f7-f3c0-45b6-940b-3b59ef82a1d8">
    </UnitTestResult>
    <UnitTestResult executionId="f07e0bd7-5bab-453b-9a89-ab632b537297" testId="551a1638-a9d2-febe-4264-bbc59d11c757" testName="CanFetchByID" computerName="DORRY-PC" duration="00:07:26.7125505" startTime="2013-09-27T18:19:53.8187969+03:00" endTime="2013-09-27T18:27:20.5313474+03:00" testType="13cdc9d9-ddb5-4fa4-a97d-d965ccfc6d4b" outcome="Aborted" testListId="8c84fa94-04c1-424b-9868-57a2d4851a1d" relativeResultsDirectory="f07e0bd7-5bab-453b-9a89-ab632b537297">
    </UnitTestResult>
  </Results>
</TestRun>