<?xml version="1.0" encoding="UTF-8"?>
<TestRun id="111564e8-2538-48a2-a598-83f285e667b3" name="Dorry@DORRY-PC 2013-09-26 00:01:02" runUser="Dorry-PC\Dorry" xmlns="http://microsoft.com/schemas/VisualStudio/TeamTest/2010">
  <TestSettings name="Local" id="19c77609-d6a7-4c1d-b468-72eb81cbdb6a">
    <Description>These are default test settings for a local test run.</Description>
    <Deployment enabled="false" runDeploymentRoot="Dorry_DORRY-PC 2013-09-26 00_01_02">
      <DeploymentItem filename="D:\School\Projects\LePic\LePic\bin\Debug\LePic.dll" />
    </Deployment>
    <Execution>
      <TestTypeSpecific />
      <AgentRule name="Execution Agents">
      </AgentRule>
    </Execution>
  </TestSettings>
  <Times creation="2013-09-26T00:01:02.3487266+03:00" queuing="2013-09-26T00:01:09.9661623+03:00" start="2013-09-26T00:01:10.2651794+03:00" finish="2013-09-26T00:01:12.5353093+03:00" />
  <ResultSummary outcome="Completed">
    <Counters total="2" executed="2" passed="2" error="0" failed="0" timeout="0" aborted="0" inconclusive="0" passedButRunAborted="0" notRunnable="0" notExecuted="0" disconnected="0" warning="0" completed="0" inProgress="0" pending="0" />
  </ResultSummary>
  <TestDefinitions>
    <UnitTest name="GetSetBookName" storage="d:\school\projects\lepic\lepicunittest\bin\debug\lepicunittest.dll" id="4f499edc-a4f4-6f0d-1e86-71f7c600d3a2">
      <Execution id="38091858-8a85-46af-b00e-d1930649fc7a" />
      <TestMethod codeBase="D:/School/Projects/LePic/LepicUnitTest/bin/Debug/LepicUnitTest.DLL" adapterTypeName="Microsoft.VisualStudio.TestTools.TestTypes.Unit.UnitTestAdapter, Microsoft.VisualStudio.QualityTools.Tips.UnitTest.Adapter, Version=10.0.0.0, Culture=neutral, PublicKeyToken=b03f5f7f11d50a3a" className="LepicUnitTest.BookTest, LepicUnitTest, Version=1.0.0.0, Culture=neutral, PublicKeyToken=null" name="GetSetBookName" />
    </UnitTest>
    <UnitTest name="GetSetBookCode" storage="d:\school\projects\lepic\lepicunittest\bin\debug\lepicunittest.dll" id="550e1c5b-b84d-4245-88c7-5a7908f790e8">
      <Execution id="8aa6c869-b467-4b72-be84-e0bf0f5a78b7" />
      <TestMethod codeBase="D:/School/Projects/LePic/LepicUnitTest/bin/Debug/LepicUnitTest.DLL" adapterTypeName="Microsoft.VisualStudio.TestTools.TestTypes.Unit.UnitTestAdapter, Microsoft.VisualStudio.QualityTools.Tips.UnitTest.Adapter, Version=10.0.0.0, Culture=neutral, PublicKeyToken=b03f5f7f11d50a3a" className="LepicUnitTest.BookTest, LepicUnitTest, Version=1.0.0.0, Culture=neutral, PublicKeyToken=null" name="GetSetBookCode" />
    </UnitTest>
  </TestDefinitions>
  <TestLists>
    <TestList name="Results Not in a List" id="8c84fa94-04c1-424b-9868-57a2d4851a1d" />
    <TestList name="All Loaded Results" id="19431567-8539-422a-85d7-44ee4e166bda" />
  </TestLists>
  <TestEntries>
    <TestEntry testId="550e1c5b-b84d-4245-88c7-5a7908f790e8" executionId="8aa6c869-b467-4b72-be84-e0bf0f5a78b7" testListId="8c84fa94-04c1-424b-9868-57a2d4851a1d" />
    <TestEntry testId="4f499edc-a4f4-6f0d-1e86-71f7c600d3a2" executionId="38091858-8a85-46af-b00e-d1930649fc7a" testListId="8c84fa94-04c1-424b-9868-57a2d4851a1d" />
  </TestEntries>
  <Results>
    <UnitTestResult executionId="8aa6c869-b467-4b72-be84-e0bf0f5a78b7" testId="550e1c5b-b84d-4245-88c7-5a7908f790e8" testName="GetSetBookCode" computerName="DORRY-PC" duration="00:00:00.0273530" startTime="2013-09-26T00:01:10.4921924+03:00" endTime="2013-09-26T00:01:11.9602764+03:00" testType="13cdc9d9-ddb5-4fa4-a97d-d965ccfc6d4b" outcome="Passed" testListId="8c84fa94-04c1-424b-9868-57a2d4851a1d" relativeResultsDirectory="8aa6c869-b467-4b72-be84-e0bf0f5a78b7">
    </UnitTestResult>
    <UnitTestResult executionId="38091858-8a85-46af-b00e-d1930649fc7a" testId="4f499edc-a4f4-6f0d-1e86-71f7c600d3a2" testName="GetSetBookName" computerName="DORRY-PC" duration="00:00:00.0010865" startTime="2013-09-26T00:01:12.0002787+03:00" endTime="2013-09-26T00:01:12.0922839+03:00" testType="13cdc9d9-ddb5-4fa4-a97d-d965ccfc6d4b" outcome="Passed" testListId="8c84fa94-04c1-424b-9868-57a2d4851a1d" relativeResultsDirectory="38091858-8a85-46af-b00e-d1930649fc7a">
    </UnitTestResult>
  </Results>
</TestRun>